#
# There is insufficient memory for the Java Runtime Environment to continue.
# Native memory allocation (mmap) failed to map 266338304 bytes. Error detail: G1 virtual space
# Possible reasons:
#   The system is out of physical RAM or swap space
#   This process is running with CompressedOops enabled, and the Java Heap may be blocking the growth of the native heap
# Possible solutions:
#   Reduce memory load on the system
#   Increase physical memory or swap space
#   Check if swap backing store is full
#   Decrease Java heap size (-Xmx/-Xms)
#   Decrease number of Java threads
#   Decrease Java thread stack sizes (-Xss)
#   Set larger code cache with -XX:ReservedCodeCacheSize=
#   JVM is running with Zero Based Compressed Oops mode in which the Java heap is
#     placed in the first 32GB address space. The Java Heap base address is the
#     maximum limit for the native heap growth. Please use -XX:HeapBaseMinAddress
#     to set the Java Heap base and to place the Java Heap above 32GB virtual address.
# This output file may be truncated or incomplete.
#
#  Out of Memory Error (os_windows.cpp:3828), pid=15248, tid=3844
#
# JRE version:  (21.0.4) (build )
# Java VM: OpenJDK 64-Bit Server VM (21.0.4+-12508038-b607.1, mixed mode, sharing, tiered, compressed oops, compressed class ptrs, g1 gc, windows-amd64)
# No core dump will be written. Minidumps are not enabled by default on client versions of Windows
#

---------------  S U M M A R Y ------------

Command Line: git4idea.http.GitAskPassApp Username for 'https://github.com': 

Host: Intel(R) Core(TM) i5-10210U CPU @ 1.60GHz, 8 cores, 15G,  Windows 11 , 64 bit Build 26100 (10.0.26100.3037)
Time: Thu Feb 27 18:09:48 2025 Hora estándar romance elapsed time: 0.030281 seconds (0d 0h 0m 0s)

---------------  T H R E A D  ---------------

Current thread (0x000001c4515a4350):  JavaThread "Unknown thread" [_thread_in_vm, id=3844, stack(0x00000060e2e00000,0x00000060e2f00000) (1024K)]

Stack: [0x00000060e2e00000,0x00000060e2f00000]
Native frames: (J=compiled Java code, j=interpreted, Vv=VM code, C=native code)
V  [jvm.dll+0x6ce539]
V  [jvm.dll+0x85bf03]
V  [jvm.dll+0x85e45e]
V  [jvm.dll+0x85eb43]
V  [jvm.dll+0x27dd06]
V  [jvm.dll+0x6cada5]
V  [jvm.dll+0x6bf27a]
V  [jvm.dll+0x3541fb]
V  [jvm.dll+0x35be36]
V  [jvm.dll+0x3adbc6]
V  [jvm.dll+0x3ade98]
V  [jvm.dll+0x32691c]
V  [jvm.dll+0x32760b]
V  [jvm.dll+0x823959]
V  [jvm.dll+0x3bacf8]
V  [jvm.dll+0x80cd58]
V  [jvm.dll+0x44ef2e]
V  [jvm.dll+0x450691]
C  [jli.dll+0x52ab]
C  [ucrtbase.dll+0x37b0]
C  [KERNEL32.DLL+0x2e8d7]
C  [ntdll.dll+0xbbf2c]


---------------  P R O C E S S  ---------------

Threads class SMR info:
_java_thread_list=0x00007ff97656a808, length=0, elements={
}

Java Threads: ( => current thread )
Total: 0

Other Threads:
  0x000001c45303f530 WorkerThread "GC Thread#0"                     [id=16920, stack(0x00000060e2f00000,0x00000060e3000000) (1024K)]
  0x000001c4530501e0 ConcurrentGCThread "G1 Main Marker"            [id=372, stack(0x00000060e3000000,0x00000060e3100000) (1024K)]
  0x000001c453050ce0 WorkerThread "G1 Conc#0"                       [id=4604, stack(0x00000060e3100000,0x00000060e3200000) (1024K)]

[error occurred during error reporting (printing all threads), id 0xc0000005, EXCEPTION_ACCESS_VIOLATION (0xc0000005) at pc=0x00007ff975d69957]
VM state: not at safepoint (not fully initialized)

VM Mutex/Monitor currently owned by a thread:  ([mutex/lock_event])
[0x00007ff9765d73f8] Heap_lock - owner thread: 0x000001c4515a4350

Heap address: 0x0000000703200000, size: 4046 MB, Compressed Oops mode: Zero based, Oop shift amount: 3

CDS archive(s) mapped at: [0x0000000000000000-0x0000000000000000-0x0000000000000000), size 0, SharedBaseAddress: 0x0000000800000000, ArchiveRelocationMode: 1.
Narrow klass base: 0x0000000000000000, Narrow klass shift: 0, Narrow klass range: 0x0

GC Precious Log:
 CardTable entry size: 512
 Card Set container configuration: InlinePtr #cards 4 size 8 Array Of Cards #cards 16 size 48 Howl #buckets 8 coarsen threshold 3686 Howl Bitmap #cards 512 size 80 coarsen threshold 460 Card regions per heap region 1 cards per card region 4096

Heap:
 garbage-first heap   total 0K, used 0K [0x0000000703200000, 0x0000000800000000)
  region size 2048K, 0 young (0K), 0 survivors (0K)
 Metaspace       used 0K, committed 0K, reserved 0K
  class space    used 0K, committed 0K, reserved 0K

Heap Regions: E=young(eden), S=young(survivor), O=old, HS=humongous(starts), HC=humongous(continues), CS=collection set, F=free, TAMS=top-at-mark-start, PB=parsable bottom

Card table byte_map: [0x000001c4663c0000,0x000001c466bb0000] _byte_map_base: 0x000001c462ba7000

Marking Bits: (CMBitMap*) 0x000001c45303fc30
 Bits: [0x000001c466bb0000, 0x000001c46aae8000)

GC Heap History (0 events):
No events

Dll operation events (1 events):
Event: 0.020 Loaded shared library C:\Program Files\Android\Android Studio\jbr\bin\java.dll

Deoptimization events (0 events):
No events

Classes loaded (0 events):
No events

Classes unloaded (0 events):
No events

Classes redefined (0 events):
No events

Internal exceptions (0 events):
No events

ZGC Phase Switch (0 events):
No events

VM Operations (0 events):
No events

Memory protections (0 events):
No events

Nmethod flushes (0 events):
No events

Events (0 events):
No events


Dynamic libraries:
0x00007ff651f10000 - 0x00007ff651f1a000 	C:\Program Files\Android\Android Studio\jbr\bin\java.exe
0x00007ffa33000000 - 0x00007ffa33263000 	C:\WINDOWS\SYSTEM32\ntdll.dll
0x00007ffa326b0000 - 0x00007ffa32777000 	C:\WINDOWS\System32\KERNEL32.DLL
0x00007ffa303a0000 - 0x00007ffa30767000 	C:\WINDOWS\System32\KERNELBASE.dll
0x00007ffa30770000 - 0x00007ffa308bc000 	C:\WINDOWS\System32\ucrtbase.dll
0x00007ffa24ec0000 - 0x00007ffa24ed8000 	C:\Program Files\Android\Android Studio\jbr\bin\jli.dll
0x00007ffa31d30000 - 0x00007ffa31ef9000 	C:\WINDOWS\System32\USER32.dll
0x00007ffa30aa0000 - 0x00007ffa30ac7000 	C:\WINDOWS\System32\win32u.dll
0x00007ffa267a0000 - 0x00007ffa267bb000 	C:\Program Files\Android\Android Studio\jbr\bin\VCRUNTIME140.dll
0x00007ffa31550000 - 0x00007ffa3157a000 	C:\WINDOWS\System32\GDI32.dll
0x00007ffa30b90000 - 0x00007ffa30cbb000 	C:\WINDOWS\System32\gdi32full.dll
0x00007ffa13f90000 - 0x00007ffa14220000 	C:\WINDOWS\WinSxS\amd64_microsoft.windows.common-controls_6595b64144ccf1df_6.0.26100.3037_none_3e09262ce333c378\COMCTL32.dll
0x00007ffa309f0000 - 0x00007ffa30a93000 	C:\WINDOWS\System32\msvcp_win.dll
0x00007ffa32cd0000 - 0x00007ffa32d79000 	C:\WINDOWS\System32\msvcrt.dll
0x00007ffa32e70000 - 0x00007ffa32e9f000 	C:\WINDOWS\System32\IMM32.DLL
0x00007ffa28200000 - 0x00007ffa2820c000 	C:\Program Files\Android\Android Studio\jbr\bin\vcruntime140_1.dll
0x00007ff95ce90000 - 0x00007ff95cf1d000 	C:\Program Files\Android\Android Studio\jbr\bin\msvcp140.dll
0x00007ff975a30000 - 0x00007ff9766b3000 	C:\Program Files\Android\Android Studio\jbr\bin\server\jvm.dll
0x00007ffa32c10000 - 0x00007ffa32cc4000 	C:\WINDOWS\System32\ADVAPI32.dll
0x00007ffa31c80000 - 0x00007ffa31d26000 	C:\WINDOWS\System32\sechost.dll
0x00007ffa31b60000 - 0x00007ffa31c76000 	C:\WINDOWS\System32\RPCRT4.dll
0x00007ffa32eb0000 - 0x00007ffa32f24000 	C:\WINDOWS\System32\WS2_32.dll
0x00007ffa2f000000 - 0x00007ffa2f04e000 	C:\WINDOWS\SYSTEM32\POWRPROF.dll
0x00007ffa1eb70000 - 0x00007ffa1eb7b000 	C:\WINDOWS\SYSTEM32\VERSION.dll
0x00007ffa1cd30000 - 0x00007ffa1cd66000 	C:\WINDOWS\SYSTEM32\WINMM.dll
0x00007ffa2efe0000 - 0x00007ffa2eff4000 	C:\WINDOWS\SYSTEM32\UMPDC.dll
0x00007ffa2f2a0000 - 0x00007ffa2f2ba000 	C:\WINDOWS\SYSTEM32\kernel.appcore.dll
0x00007ffa262b0000 - 0x00007ffa262ba000 	C:\Program Files\Android\Android Studio\jbr\bin\jimage.dll
0x00007ffa2ab30000 - 0x00007ffa2ad71000 	C:\WINDOWS\SYSTEM32\DBGHELP.DLL
0x00007ffa316e0000 - 0x00007ffa31a5e000 	C:\WINDOWS\System32\combase.dll
0x00007ffa31580000 - 0x00007ffa31656000 	C:\WINDOWS\System32\OLEAUT32.dll
0x00007ffa18c80000 - 0x00007ffa18cb9000 	C:\WINDOWS\SYSTEM32\dbgcore.DLL
0x00007ffa308c0000 - 0x00007ffa30959000 	C:\WINDOWS\System32\bcryptPrimitives.dll
0x00007ffa25350000 - 0x00007ffa25370000 	C:\Program Files\Android\Android Studio\jbr\bin\java.dll

dbghelp: loaded successfully - version: 4.0.5 - missing functions: none
symbol engine: initialized successfully - sym options: 0x614 - pdb path: .;C:\Program Files\Android\Android Studio\jbr\bin;C:\WINDOWS\SYSTEM32;C:\WINDOWS\WinSxS\amd64_microsoft.windows.common-controls_6595b64144ccf1df_6.0.26100.3037_none_3e09262ce333c378;C:\Program Files\Android\Android Studio\jbr\bin\server

VM Arguments:
java_command: git4idea.http.GitAskPassApp Username for 'https://github.com': 
java_class_path (initial): C:/Program Files/Android/Android Studio/plugins/vcs-git/lib/git4idea-rt.jar;C:/Program Files/Android/Android Studio/lib/externalProcess-rt.jar
Launcher Type: SUN_STANDARD

[Global flags]
     intx CICompilerCount                          = 4                                         {product} {ergonomic}
     uint ConcGCThreads                            = 2                                         {product} {ergonomic}
     uint G1ConcRefinementThreads                  = 8                                         {product} {ergonomic}
   size_t G1HeapRegionSize                         = 2097152                                   {product} {ergonomic}
    uintx GCDrainStackTargetSize                   = 64                                        {product} {ergonomic}
   size_t InitialHeapSize                          = 266338304                                 {product} {ergonomic}
   size_t MarkStackSize                            = 4194304                                   {product} {ergonomic}
   size_t MaxHeapSize                              = 4242538496                                {product} {ergonomic}
   size_t MinHeapDeltaBytes                        = 2097152                                   {product} {ergonomic}
   size_t MinHeapSize                              = 8388608                                   {product} {ergonomic}
    uintx NonNMethodCodeHeapSize                   = 5839372                                {pd product} {ergonomic}
    uintx NonProfiledCodeHeapSize                  = 122909434                              {pd product} {ergonomic}
    uintx ProfiledCodeHeapSize                     = 122909434                              {pd product} {ergonomic}
    uintx ReservedCodeCacheSize                    = 251658240                              {pd product} {ergonomic}
     bool SegmentedCodeCache                       = true                                      {product} {ergonomic}
   size_t SoftMaxHeapSize                          = 4242538496                             {manageable} {ergonomic}
     bool UseCompressedOops                        = true                           {product lp64_product} {ergonomic}
     bool UseG1GC                                  = true                                      {product} {ergonomic}
     bool UseLargePagesIndividualAllocation        = false                                  {pd product} {ergonomic}

Logging:
Log output configuration:
 #0: stdout all=warning uptime,level,tags foldmultilines=false
 #1: stderr all=off uptime,level,tags foldmultilines=false

Environment Variables:
PATH=C:/Program Files/Git/mingw64/libexec/git-core;C:/Program Files/Git/mingw64/libexec/git-core;C:\Program Files\Git\mingw64\bin;C:\Program Files\Git\usr\bin;C:\Users\CEP-TARDA\bin;C:\Program Files\Common Files\Oracle\Java\javapath;C:\Program Files (x86)\Common Files\Oracle\Java\java8path;C:\Program Files (x86)\Common Files\Oracle\Java\javapath;C:\WINDOWS\system32;C:\WINDOWS;C:\WINDOWS\System32\Wbem;C:\WINDOWS\System32\WindowsPowerShell\v1.0\;C:\Program Files (x86)\Windows Live\Shared;C:\WINDOWS\System32\OpenSSH\;C:\Program Files\Microsoft SQL Server\Client SDK\ODBC\170\Tools\Binn\;C:\Program Files (x86)\Microsoft SQL Server\150\Tools\Binn\;C:\Program Files\Microsoft SQL Server\150\Tools\Binn\;C:\Program Files\Microsoft SQL Server\150\DTS\Binn\;C:\Program Files\nodejs\;C:\xampp\php;C:\Program Files\Docker\Docker\resources\bin;C:\composer;C:\Program Files\Git\cmd;C:\Program Files\dotnet\;C:\Program Files (x86)\Microsoft SQL Server\160\Tools\Binn\;C:\Program Files\Microsoft SQL Server\160\Tools\Binn\;C:\Program Files\Microsoft SQL Server\160\DTS\Binn\;C:\Program Files (x86)\Microsoft SQL Server\160\DTS\Binn\;C:\Users\CEP-TARDA\AppData\Local\Microsoft\WindowsApps;C:\Users\CEP-TARDA\AppData\Local\Programs\Microsoft VS Code\bin;C:\Users\CEP-TARDA\AppData\Roaming\Composer\vendor\bin;C:\Users\CEP-TARDA\.dotnet\tools
USERNAME=CEP-TARDA
DISPLAY=:0.0
LC_ALL=en_US.UTF-8
TERM=xterm-256color
TMPDIR=C:\Users\CEP-TA~1\AppData\Local\Temp
OS=Windows_NT
PROCESSOR_IDENTIFIER=Intel64 Family 6 Model 142 Stepping 12, GenuineIntel
TMP=C:\Users\CEP-TA~1\AppData\Local\Temp
TEMP=C:\Users\CEP-TA~1\AppData\Local\Temp




Periodic native trim disabled

JNI global refs:
JNI global refs: 0, weak refs: 0

JNI global refs memory usage: 0, weak refs: 0

Process memory usage:
Resident Set Size: 12756K (0% of 16565616K total physical memory with 1668108K free physical memory)

OOME stack traces (most recent first):
Classloader memory used:

---------------  S Y S T E M  ---------------

OS:
 Windows 11 , 64 bit Build 26100 (10.0.26100.3037)
OS uptime: 0 days 2:46 hours
Hyper-V role detected

CPU: total 8 (initial active 8) (4 cores per cpu, 2 threads per core) family 6 model 142 stepping 12 microcode 0xf4, cx8, cmov, fxsr, ht, mmx, 3dnowpref, sse, sse2, sse3, ssse3, sse4.1, sse4.2, popcnt, lzcnt, tsc, tscinvbit, avx, avx2, aes, erms, clmul, bmi1, bmi2, adx, fma, vzeroupper, clflush, clflushopt, hv, rdtscp, f16c
Processor Information for all 8 processors :
  Max Mhz: 2101, Current Mhz: 1600, Mhz Limit: 1596

Memory: 4k page, system-wide physical 16177M (1629M free)
TotalPageFile size 43485M (AvailPageFile size 47M)
current process WorkingSet (physical memory assigned to process): 12M, peak: 12M
current process commit charge ("private bytes"): 60M, peak: 314M

vm_info: OpenJDK 64-Bit Server VM (21.0.4+-12508038-b607.1) for windows-amd64 JRE (21.0.4+-12508038-b607.1), built on 2024-10-16T17:23:34Z by "builder" with MS VC++ 16.10 / 16.11 (VS2019)

END.
